D:\CHECKOUTS\SPEEDLIB\NATIVECODE\RELEASE\SPEEDLIB.OBJ
D:\CHECKOUTS\SPEEDLIB\NATIVECODE\RELEASE\VC110.PDB
D:\CHECKOUTS\SPEEDLIB\BIN\RELEASE\NATIVECODE.DLL
D:\CHECKOUTS\SPEEDLIB\BIN\RELEASE\NATIVECODE.PDB
D:\Checkouts\SpeedLib\bin\Release\NativeCode.lib
D:\Checkouts\SpeedLib\bin\Release\NativeCode.exp
D:\Checkouts\SpeedLib\NativeCode\Release\SpeedLib.obj
D:\Checkouts\SpeedLib\NativeCode\Release\cl.command.1.tlog
D:\Checkouts\SpeedLib\NativeCode\Release\CL.read.1.tlog
D:\Checkouts\SpeedLib\NativeCode\Release\CL.write.1.tlog
D:\Checkouts\SpeedLib\NativeCode\Release\link-cvtres.read.1.tlog
D:\Checkouts\SpeedLib\NativeCode\Release\link-cvtres.write.1.tlog
D:\Checkouts\SpeedLib\NativeCode\Release\link-rc.read.1.tlog
D:\Checkouts\SpeedLib\NativeCode\Release\link-rc.write.1.tlog
D:\Checkouts\SpeedLib\NativeCode\Release\link.command.1.tlog
D:\Checkouts\SpeedLib\NativeCode\Release\link.read.1.tlog
D:\Checkouts\SpeedLib\NativeCode\Release\link.write.1.tlog
D:\Checkouts\SpeedLib\NativeCode\Release\NativeCode.write.1.tlog
D:\Checkouts\SpeedLib\NativeCode\Release\vc110.pdb
D:\Checkouts\SpeedLib\\bin\Release\NativeCode.pdb
D:\Checkouts\SpeedLib\\bin\Release\NativeCode.dll
